<?xml version="1.0" encoding="UTF-8"?>
<testsuite xmlns:xsi="http://www.w3.org/2001/XMLSchema-instance" xsi:noNamespaceSchemaLocation="https://maven.apache.org/surefire/maven-surefire-plugin/xsd/surefire-test-report.xsd" version="3.0.2" name="com.romin.task.service.TaskServiceTest" time="7.791" tests="23" errors="0" skipped="0" failures="0" flakes="0">
  <properties>
[...]
</properties>
  <testcase name="cancelTask_WhenPublicIdIsNull_ThrowsTaskNotFoundException" classname="com.romin.task.service.TaskServiceTest$CancelTaskTests" time="6.069">
    <system-out><![CDATA[2026-08-24T19:51:16.332Z  INFO 15582 --- [           main] com.romin.task.service.TaskService       : [SERVICE] Executing cancel state transition. Public ID: null
]]></system-out>
  </testcase>
  <testcase name="cancelTask_WhenTaskNotFound_ThrowsTaskNotFoundException" classname="com.romin.task.service.TaskServiceTest$CancelTaskTests" time="0.274">
    <system-out><![CDATA[2026-08-24T19:51:16.664Z  INFO 15582 --- [           main] com.romin.task.service.TaskService       : [SERVICE] Executing cancel state transition. Public ID: e0cba54d-6fa1-4b97-aa55-c06cfba89135
]]></system-out>
  </testcase>
  <testcase name="cancelTask_WhenTaskExists_CancelsTaskAndReturnsResponse" classname="com.romin.task.service.TaskServiceTest$CancelTaskTests" time="0.065">
    <system-out><![CDATA[2026-08-24T19:51:16.784Z  INFO 15582 --- [           main] com.romin.task.service.TaskService       : [SERVICE] Executing cancel state transition. Public ID: 6cd1d034-1a05-41a0-ae00-59ed783b937a
]]></system-out>
  </testcase>
  <testcase name="completeTask_WhenTaskExists_CompletesTaskAndReturnsResponse" classname="com.romin.task.service.TaskServiceTest$CompleteTaskTests" time="0.057">
    <system-out><![CDATA[2026-08-24T19:51:16.907Z  INFO 15582 --- [           main] com.romin.task.service.TaskService       : [SERVICE] Executing completion state transition. Public ID: cf477852-5314-4ca6-b437-e76c47079b19
]]></system-out>
  </testcase>
  <testcase name="completeTask_WhenTaskNotFound_ThrowsTaskNotFoundException" classname="com.romin.task.service.TaskServiceTest$CompleteTaskTests" time="0.034">
    <system-out><![CDATA[2026-08-24T19:51:16.960Z  INFO 15582 --- [           main] com.romin.task.service.TaskService       : [SERVICE] Executing completion state transition. Public ID: 4f9a56af-dffe-4d1e-aa60-4b1b5c9a3a03
]]></system-out>
  </testcase>
  <testcase name="completeTask_WhenPublicIdIsNull_ThrowsTaskNotFoundException" classname="com.romin.task.service.TaskServiceTest$CompleteTaskTests" time="0.041">
    <system-out><![CDATA[2026-08-24T19:51:17.013Z  INFO 15582 --- [           main] com.romin.task.service.TaskService       : [SERVICE] Executing completion state transition. Public ID: null
]]></system-out>
  </testcase>
  <testcase name="throw_WhenAssigneeIsNotPresent" classname="com.romin.task.service.TaskServiceTest$CreateTaskTests" time="0.055">
    <system-out><![CDATA[2026-08-24T19:51:17.146Z  INFO 15582 --- [           main] com.romin.task.service.TaskService       : [SERVICE] Initiating task creation. AssignedBy: 1, AssignedTo: 2
]]></system-out>
  </testcase>
  <testcase name="createTask_WhenAssignerAndAssigneeIsPresent_ReturnResponseDto" classname="com.romin.task.service.TaskServiceTest$CreateTaskTests" time="0.073">
    <system-out><![CDATA[2026-08-24T19:51:17.221Z  INFO 15582 --- [           main] com.romin.task.service.TaskService       : [SERVICE] Initiating task creation. AssignedBy: 1, AssignedTo: 2
]]></system-out>
  </testcase>
  <testcase name="throw_WhenAssignerIsNotPresent" classname="com.romin.task.service.TaskServiceTest$CreateTaskTests" time="0.034">
    <system-out><![CDATA[2026-08-24T19:51:17.267Z  INFO 15582 --- [           main] com.romin.task.service.TaskService       : [SERVICE] Initiating task creation. AssignedBy: 1, AssignedTo: 2
]]></system-out>
  </testcase>
  <testcase name="throw_WhenPassedANullId" classname="com.romin.task.service.TaskServiceTest$DeleteTaskByPublicIdTests" time="0.046">
    <system-out><![CDATA[2026-08-24T19:51:17.359Z  INFO 15582 --- [           main] com.romin.task.service.TaskService       : [SERVICE] Processing delete task command. Public ID: null
]]></system-out>
  </testcase>
  <testcase name="throw_WhenPassedAnInvalidId" classname="com.romin.task.service.TaskServiceTest$DeleteTaskByPublicIdTests" time="0.045">
    <system-out><![CDATA[2026-08-24T19:51:17.418Z  INFO 15582 --- [           main] com.romin.task.service.TaskService       : [SERVICE] Processing delete task command. Public ID: 45f371cb-199b-46f1-814e-49a63dd8ded2
]]></system-out>
  </testcase>
  <testcase name="deleteTask_WhenPassedAValidId" classname="com.romin.task.service.TaskServiceTest$DeleteTaskByPublicIdTests" time="0.024">
    <system-out><![CDATA[2026-08-24T19:51:17.451Z  INFO 15582 --- [           main] com.romin.task.service.TaskService       : [SERVICE] Processing delete task command. Public ID: f2040600-e8d8-4d8a-bd4d-1611e1f83ad1
]]></system-out>
  </testcase>
  <testcase name="getAllTask_WhenNoTasksExist_ReturnEmptyPaginatedResponse" classname="com.romin.task.service.TaskServiceTest$GetAllTaskTests" time="0.052"/>
  <testcase name="getAllTask_WhenTasksExist_ReturnPaginatedResponse" classname="com.romin.task.service.TaskServiceTest$GetAllTaskTests" time="0.045"/>
  <testcase name="getTaskById_WhenPublicIdIsNull_ThrowsTaskNotFoundException" classname="com.romin.task.service.TaskServiceTest$GetTaskByIdTests" time="0.09"/>
  <testcase name="getTaskById_WhenTaskNotFound_ThrowsTaskNotFoundException" classname="com.romin.task.service.TaskServiceTest$GetTaskByIdTests" time="0.04"/>
  <testcase name="getTaskById_WhenTaskExists_ReturnsResponseDto" classname="com.romin.task.service.TaskServiceTest$GetTaskByIdTests" time="0.017"/>
  <testcase name="startTask_WhenTaskNotFound_ThrowsTaskNotFoundException" classname="com.romin.task.service.TaskServiceTest$StartTaskTests" time="0.054">
    <system-out><![CDATA[2026-08-24T19:51:17.847Z  INFO 15582 --- [           main] com.romin.task.service.TaskService       : [SERVICE] Executing start state transition. Public ID: bde8382a-3020-423b-a337-041eb26c9816
]]></system-out>
  </testcase>
  <testcase name="startTask_WhenPublicIdIsNull_ThrowsTaskNotFoundException" classname="com.romin.task.service.TaskServiceTest$StartTaskTests" time="0.036">
    <system-out><![CDATA[2026-08-24T19:51:17.903Z  INFO 15582 --- [           main] com.romin.task.service.TaskService       : [SERVICE] Executing start state transition. Public ID: null
]]></system-out>
  </testcase>
  <testcase name="startTask_WhenTaskExists_StartsTaskAndReturnsResponse" classname="com.romin.task.service.TaskServiceTest$StartTaskTests" time="0.032">
    <system-out><![CDATA[2026-08-24T19:51:17.935Z  INFO 15582 --- [           main] com.romin.task.service.TaskService       : [SERVICE] Executing start state transition. Public ID: 6bcbdd9e-b6d0-4405-af83-67ad23b3283d
]]></system-out>
  </testcase>
  <testcase name="updateTask_WhenTaskExists_UpdatesTaskAndReturnsResponse" classname="com.romin.task.service.TaskServiceTest$UpdateTaskTests" time="0.04">
    <system-out><![CDATA[2026-08-24T19:51:18.007Z  INFO 15582 --- [           main] com.romin.task.service.TaskService       : [SERVICE] Executing partial update transaction. Public ID: 9472c56d-5c0e-4643-9083-aed1d4eaa2eb
]]></system-out>
  </testcase>
  <testcase name="updateTask_WhenPublicIdIsNull_ThrowsTaskNotFoundException" classname="com.romin.task.service.TaskServiceTest$UpdateTaskTests" time="0.056">
    <system-out><![CDATA[2026-08-24T19:51:18.076Z  INFO 15582 --- [           main] com.romin.task.service.TaskService       : [SERVICE] Executing partial update transaction. Public ID: null
]]></system-out>
  </testcase>
  <testcase name="updateTask_WhenTaskNotFound_ThrowsTaskNotFoundException" classname="com.romin.task.service.TaskServiceTest$UpdateTaskTests" time="0.027">
    <system-out><![CDATA[2026-08-24T19:51:18.116Z  INFO 15582 --- [           main] com.romin.task.service.TaskService       : [SERVICE] Executing partial update transaction. Public ID: 96e57951-32df-412a-8acd-ae3894206b7a
]]></system-out>
  </testcase>
</testsuite>