<?xml version="1.0" encoding="UTF-8"?>
<testsuite xmlns:xsi="http://www.w3.org/2001/XMLSchema-instance" xsi:noNamespaceSchemaLocation="https://maven.apache.org/surefire/maven-surefire-plugin/xsd/surefire-test-report.xsd" version="3.0.2" name="com.romin.task.repository.TaskRepoTests" time="28.269" tests="5" errors="0" skipped="0" failures="0" flakes="0">
  <properties>
[...]
</properties>
  <testcase name="sanityCheck" classname="com.romin.task.repository.TaskRepoTests" time="0.178">
    <system-out><![CDATA[21:17:10.562 [main] INFO org.springframework.test.context.support.AnnotationConfigContextLoaderUtils -- Could not detect default configuration classes for test class [com.romin.task.repository.TaskRepoTests]: TaskRepoTests does not declare any static, non-private, non-final, nested classes annotated with @Configuration.
21:17:11.305 [main] INFO org.springframework.boot.test.context.SpringBootTestContextBootstrapper -- Found @SpringBootConfiguration com.romin.TaskManagementApplication for test class com.romin.task.repository.TaskRepoTests
21:17:11.532 [main] INFO org.testcontainers.images.PullPolicy -- Image pull policy will be performed by: DefaultPullPolicy()
21:17:11.536 [main] INFO org.testcontainers.utility.ImageNameSubstitutor -- Image name substitution will be performed by: DefaultImageNameSubstitutor (composite of 'ConfigurationFileImageNameSubstitutor' and 'PrefixingImageNameSubstitutor')
21:17:11.554 [main] INFO org.testcontainers.DockerClientFactory -- Testcontainers version: 1.21.4
21:17:12.049 [main] INFO org.testcontainers.dockerclient.DockerClientProviderStrategy -- Loaded org.testcontainers.dockerclient.UnixSocketClientProviderStrategy from ~/.testcontainers.properties, will try it first
21:17:12.836 [main] INFO org.testcontainers.dockerclient.DockerClientProviderStrategy -- Found Docker environment with local Unix socket (unix:///var/run/docker.sock)
21:17:12.840 [main] INFO org.testcontainers.DockerClientFactory -- Docker host IP address is localhost
21:17:12.915 [main] INFO org.testcontainers.DockerClientFactory -- Connected to docker: 
  Server Version: 29.6.1
  API Version: 1.55
  Operating System: Debian GNU/Linux 12 (bookworm)
  Total Memory: 6552 MB
21:17:13.443 [main] INFO tc.testcontainers/ryuk:0.12.0 -- Creating container for image: testcontainers/ryuk:0.12.0
21:17:13.479 [main] INFO org.testcontainers.utility.RegistryAuthLocator -- Failure when attempting to lookup auth config. Please ignore if you don't have images in an authenticated registry. Details: (dockerImageName: testcontainers/ryuk:0.12.0, configFile: /home/alikhan/.docker/config.json, configEnv: DOCKER_AUTH_CONFIG). Falling back to docker-java default behaviour. Exception message: Status 404: No config supplied. Checked in order: /home/alikhan/.docker/config.json (file not found), DOCKER_AUTH_CONFIG (not set)
21:17:14.153 [main] INFO tc.testcontainers/ryuk:0.12.0 -- Container testcontainers/ryuk:0.12.0 is starting: b70fb120533bdc9ffdb3cca3fe593069b24a6b36a3c9c2a119bae0caff1ff088
21:17:14.954 [main] INFO tc.testcontainers/ryuk:0.12.0 -- Container testcontainers/ryuk:0.12.0 started in PT1.510609816S
21:17:14.969 [main] INFO org.testcontainers.utility.RyukResourceReaper -- Ryuk started - will monitor and terminate Testcontainers containers on JVM exit
21:17:14.969 [main] INFO org.testcontainers.DockerClientFactory -- Checking the system...
21:17:14.970 [main] INFO org.testcontainers.DockerClientFactory -- ✔︎ Docker server version should be at least 1.6.0
21:17:14.973 [main] INFO tc.postgres:16 -- Creating container for image: postgres:16
21:17:15.341 [main] INFO tc.postgres:16 -- Container postgres:16 is starting: 9e727f0cea829cc323c7e0afcb1e8100a8e943e57a3f0fbbe20dfe3440bedcb9
21:17:21.029 [main] INFO tc.postgres:16 -- Container postgres:16 started in PT6.056124028S
21:17:21.031 [main] INFO tc.postgres:16 -- Container is started (JDBC URL: jdbc:postgresql://localhost:32807/taskdb?loggerLevel=OFF)
21:17:21.203 [main] INFO org.springframework.boot.devtools.restart.RestartApplicationListener -- Restart disabled due to context in which it is running

  .   ____          _            __ _ _
 /\\ / ___'_ __ _ _(_)_ __  __ _ \ \ \ \
( ( )\___ | '_ | '_| | '_ \/ _` | \ \ \ \
 \\/  ___)| |_)| | | | | || (_| |  ) ) ) )
  '  |____| .__|_| |_|_| |_\__, | / / / /
 =========|_|==============|___/=/_/_/_/

 :: Spring Boot ::               (v3.5.16)

2026-07-15T15:47:22.450Z  INFO 7215 --- [           main] c.romin.task.repository.TaskRepoTests    : Starting TaskRepoTests using Java 21.0.10 with PID 7215 (started by alikhan in /home/alikhan/task_management)
2026-07-15T15:47:22.456Z  INFO 7215 --- [           main] c.romin.task.repository.TaskRepoTests    : No active profile set, falling back to 1 default profile: "default"
2026-07-15T15:47:24.278Z  INFO 7215 --- [           main] .s.d.r.c.RepositoryConfigurationDelegate : Bootstrapping Spring Data JPA repositories in DEFAULT mode.
2026-07-15T15:47:24.541Z  INFO 7215 --- [           main] .s.d.r.c.RepositoryConfigurationDelegate : Finished Spring Data repository scanning in 237 ms. Found 2 JPA repository interfaces.
2026-07-15T15:47:26.092Z  INFO 7215 --- [           main] com.zaxxer.hikari.HikariDataSource       : HikariPool-1 - Starting...
2026-07-15T15:47:26.755Z  INFO 7215 --- [           main] com.zaxxer.hikari.pool.HikariPool        : HikariPool-1 - Added connection org.postgresql.jdbc.PgConnection@6b32b678
2026-07-15T15:47:26.759Z  INFO 7215 --- [           main] com.zaxxer.hikari.HikariDataSource       : HikariPool-1 - Start completed.
2026-07-15T15:47:26.898Z  INFO 7215 --- [           main] org.flywaydb.core.FlywayExecutor         : Database: jdbc:postgresql://localhost:32807/taskdb?loggerLevel=OFF (PostgreSQL 16.14)
2026-07-15T15:47:27.161Z  INFO 7215 --- [           main] o.f.c.i.s.JdbcTableSchemaHistory         : Schema history table "public"."flyway_schema_history" does not exist yet
2026-07-15T15:47:27.191Z  INFO 7215 --- [           main] o.f.core.internal.command.DbValidate     : Successfully validated 2 migrations (execution time 00:00.107s)
2026-07-15T15:47:27.297Z  INFO 7215 --- [           main] o.f.c.i.s.JdbcTableSchemaHistory         : Creating Schema History table "public"."flyway_schema_history" ...
2026-07-15T15:47:27.611Z  INFO 7215 --- [           main] o.f.core.internal.command.DbMigrate      : Current version of schema "public": << Empty Schema >>
2026-07-15T15:47:27.687Z  INFO 7215 --- [           main] o.f.core.internal.command.DbMigrate      : Migrating schema "public" to version "1 - init tasks and users tables"
2026-07-15T15:47:27.796Z  INFO 7215 --- [           main] o.f.core.internal.command.DbMigrate      : Migrating schema "public" to version "2 - rename assigned fields and add index"
2026-07-15T15:47:27.840Z  INFO 7215 --- [           main] o.f.core.internal.command.DbMigrate      : Successfully applied 2 migrations to schema "public", now at version v2 (execution time 00:00.086s)
2026-07-15T15:47:28.485Z  INFO 7215 --- [           main] o.hibernate.jpa.internal.util.LogHelper  : HHH000204: Processing PersistenceUnitInfo [name: default]
2026-07-15T15:47:28.784Z  INFO 7215 --- [           main] org.hibernate.Version                    : HHH000412: Hibernate ORM core version 6.6.53.Final
2026-07-15T15:47:28.941Z  INFO 7215 --- [           main] o.h.c.internal.RegionFactoryInitiator    : HHH000026: Second-level cache disabled
2026-07-15T15:47:29.650Z  INFO 7215 --- [           main] o.s.o.j.p.SpringPersistenceUnitInfo      : No LoadTimeWeaver setup: ignoring JPA class transformer
2026-07-15T15:47:30.014Z  INFO 7215 --- [           main] org.hibernate.orm.connections.pooling    : HHH10001005: Database info:
	Database JDBC URL [Connecting through datasource 'HikariDataSource (HikariPool-1)']
	Database driver: undefined/unknown
	Database version: 16.14
	Autocommit mode: undefined/unknown
	Isolation level: undefined/unknown
	Minimum pool size: undefined/unknown
	Maximum pool size: undefined/unknown
2026-07-15T15:47:32.696Z  INFO 7215 --- [           main] o.h.e.t.j.p.i.JtaPlatformInitiator       : HHH000489: No JTA platform available (set 'hibernate.transaction.jta.platform' to enable JTA platform integration)
2026-07-15T15:47:32.703Z  INFO 7215 --- [           main] j.LocalContainerEntityManagerFactoryBean : Initialized JPA EntityManagerFactory for persistence unit 'default'
2026-07-15T15:47:33.657Z  INFO 7215 --- [           main] o.s.d.j.r.query.QueryEnhancerFactory     : Hibernate is in classpath; If applicable, HQL parser will be used.
2026-07-15T15:47:35.164Z  INFO 7215 --- [           main] c.romin.task.repository.TaskRepoTests    : Started TaskRepoTests in 14.001 seconds (process running for 32.995)
]]></system-out>
  </testcase>
  <testcase name="showSequences" classname="com.romin.task.repository.TaskRepoTests$Save" time="0.132">
    <system-out><![CDATA[2026-07-15T15:47:35.464Z  INFO 7215 --- [           main] t.c.s.AnnotationConfigContextLoaderUtils : Could not detect default configuration classes for test class [com.romin.task.repository.TaskRepoTests$Save]: Save does not declare any static, non-private, non-final, nested classes annotated with @Configuration.
2026-07-15T15:47:35.663Z  INFO 7215 --- [           main] .b.t.c.SpringBootTestContextBootstrapper : Found @SpringBootConfiguration com.romin.TaskManagementApplication for test class com.romin.task.repository.TaskRepoTests$Save
{sequence_name=user_generator}
{sequence_name=task_generator}
{sequence_name=task_human_number_seq}
]]></system-out>
  </testcase>
  <testcase name="showFlywayHistory" classname="com.romin.task.repository.TaskRepoTests$Save" time="0.095">
    <system-out><![CDATA[{installed_rank=1, version=1, description=init tasks and users tables, type=SQL, script=V1__init_tasks_and_users_tables.sql, checksum=517304547, installed_by=taskuser, installed_on=2026-07-15 15:47:27.536148, execution_time=75, success=true}
{installed_rank=2, version=2, description=rename assigned fields and add index, type=SQL, script=V2__rename_assigned_fields_and_add_index.SQL, checksum=-103338794, installed_by=taskuser, installed_on=2026-07-15 15:47:27.775076, execution_time=11, success=true}
]]></system-out>
  </testcase>
  <testcase name="save_WhenTaskIsValid_ShouldPersistSuccessfully" classname="com.romin.task.repository.TaskRepoTests$Save" time="1.544">
    <system-out><![CDATA[Hibernate: select nextval('user_generator')
Hibernate: select nextval('user_generator')
Hibernate: select nextval('task_generator')
Hibernate: insert into users (user_address,user_identity_number,user_email,name,joining_date,manager_id,phone_number,position,resign_date,role,user_status,id) values (?,?,?,?,?,?,?,?,?,?,?,?)
Hibernate: insert into users (user_address,user_identity_number,user_email,name,joining_date,manager_id,phone_number,position,resign_date,role,user_status,id) values (?,?,?,?,?,?,?,?,?,?,?,?)
Hibernate: insert into tasks (assigned_by,assigned_to,completion_date,created_at,description,due_date,status,title,updated_at,version,id) values (?,?,?,?,?,?,?,?,?,?,?) returning public_id,task_id
Hibernate: select t1_0.id,t1_0.assigned_by,t1_0.assigned_to,t1_0.completion_date,t1_0.created_at,t1_0.description,t1_0.due_date,t1_0.public_id,t1_0.status,t1_0.task_id,t1_0.title,t1_0.updated_at,t1_0.version from tasks t1_0 where t1_0.id=?
]]></system-out>
  </testcase>
  <testcase name="showTables" classname="com.romin.task.repository.TaskRepoTests$Save" time="0.053">
    <system-out><![CDATA[{table_name=flyway_schema_history}
{table_name=users}
{table_name=tasks}
]]></system-out>
  </testcase>
</testsuite>